[2024-12-31 17:11:28,934][nuplan.planning.script.builders.folder_builder][INFO] - Building experiment folders...
[2024-12-31 17:11:28,934][nuplan.planning.script.builders.folder_builder][INFO] - Experimental folder: /data/datasets/niukangjia/nuplan/exp/exp/training/planTF/2024.12.31.17.11.27
[2024-12-31 17:11:28,934][nuplan.planning.script.builders.worker_pool_builder][INFO] - Building WorkerPool...
[2024-12-31 17:11:28,935][nuplan.planning.utils.multithreading.worker_pool][INFO] - Worker: SingleMachineParallelExecutor
[2024-12-31 17:11:28,935][nuplan.planning.utils.multithreading.worker_pool][INFO] - Number of nodes: 1
Number of CPUs per node: 32
Number of GPUs per node: 0
Number of threads across all nodes: 32
[2024-12-31 17:11:28,936][nuplan.planning.script.builders.worker_pool_builder][INFO] - Building WorkerPool...DONE!
[2024-12-31 17:11:28,936][src.custom_training.custom_training_builder][INFO] - Building training engine...
[2024-12-31 17:11:33,078][nuplan.planning.script.builders.model_builder][INFO] - Building TorchModuleWrapper...
[2024-12-31 17:11:34,223][nuplan.planning.script.builders.model_builder][INFO] - Building TorchModuleWrapper...DONE!
[2024-12-31 17:11:34,223][nuplan.planning.script.builders.splitter_builder][INFO] - Building Splitter...
[2024-12-31 17:11:35,022][nuplan.planning.script.builders.splitter_builder][INFO] - Building Splitter...DONE!
[2024-12-31 17:11:35,022][nuplan.planning.script.builders.data_augmentation_builder][INFO] - Building augmentors...
[2024-12-31 17:11:35,025][nuplan.planning.script.builders.data_augmentation_builder][INFO] - Building augmentors...DONE!
[2024-12-31 17:11:48,152][nuplan.planning.script.builders.scenario_builder][INFO] - Extracted 219607 scenarios for training
[2024-12-31 17:11:48,156][__main__][INFO] - Starting training...
[2024-12-31 17:11:48,192][torch.distributed.distributed_c10d][INFO] - Added key: store_based_barrier_key:1 to store for rank: 0
[2024-12-31 17:11:48,193][torch.distributed.distributed_c10d][INFO] - Rank 0: Completed store-based barrier for key:store_based_barrier_key:1 with 1 nodes.
[2024-12-31 17:11:48,609][src.custom_training.custom_datamodule][INFO] - Number of samples in train set: 147200
[2024-12-31 17:11:48,673][src.custom_training.custom_datamodule][INFO] - Number of samples in validation set: 32407
