[2024-12-30 17:38:00,959][nuplan.planning.script.builders.folder_builder][INFO] - Building experiment folders...
[2024-12-30 17:38:00,960][nuplan.planning.script.builders.folder_builder][INFO] - Experimental folder: /data/datasets/niukangjia/nuplan/exp/exp/training/planTF/2024.12.30.17.37.59
[2024-12-30 17:38:00,960][nuplan.planning.script.builders.worker_pool_builder][INFO] - Building WorkerPool...
[2024-12-30 17:38:00,961][nuplan.planning.utils.multithreading.worker_pool][INFO] - Worker: SingleMachineParallelExecutor
[2024-12-30 17:38:00,961][nuplan.planning.utils.multithreading.worker_pool][INFO] - Number of nodes: 1
Number of CPUs per node: 32
Number of GPUs per node: 0
Number of threads across all nodes: 32
[2024-12-30 17:38:00,961][nuplan.planning.script.builders.worker_pool_builder][INFO] - Building WorkerPool...DONE!
[2024-12-30 17:38:00,961][src.custom_training.custom_training_builder][INFO] - Building training engine...
[2024-12-30 17:38:05,096][nuplan.planning.script.builders.model_builder][INFO] - Building TorchModuleWrapper...
[2024-12-30 17:38:06,089][nuplan.planning.script.builders.model_builder][INFO] - Building TorchModuleWrapper...DONE!
[2024-12-30 17:38:06,089][nuplan.planning.script.builders.splitter_builder][INFO] - Building Splitter...
[2024-12-30 17:38:06,889][nuplan.planning.script.builders.splitter_builder][INFO] - Building Splitter...DONE!
[2024-12-30 17:38:06,890][nuplan.planning.script.builders.data_augmentation_builder][INFO] - Building augmentors...
[2024-12-30 17:38:06,892][nuplan.planning.script.builders.data_augmentation_builder][INFO] - Building augmentors...DONE!
[2024-12-30 17:44:06,003][nuplan.planning.script.builders.scenario_builder][INFO] - Extracted 219607 scenarios for training
[2024-12-30 17:44:06,023][__main__][INFO] - Starting training...
[2024-12-30 17:44:06,072][torch.distributed.distributed_c10d][INFO] - Added key: store_based_barrier_key:1 to store for rank: 0
[2024-12-30 17:44:06,072][torch.distributed.distributed_c10d][INFO] - Rank 0: Completed store-based barrier for key:store_based_barrier_key:1 with 1 nodes.
[2024-12-30 17:44:06,557][src.custom_training.custom_datamodule][INFO] - Number of samples in train set: 147200
[2024-12-30 17:44:06,618][src.custom_training.custom_datamodule][INFO] - Number of samples in validation set: 32407
