[2025-02-26 15:19:11,271][__main__][INFO] - Logger is configured correctly.
[2025-02-26 15:19:11,377][nuplan.planning.script.builders.folder_builder][INFO] - Building experiment folders...
[2025-02-26 15:19:11,378][nuplan.planning.script.builders.folder_builder][INFO] - Experimental folder: /data/datasets/niukangjia/plantf/output/training/planTF/2025.02.26.15.19.09
[2025-02-26 15:19:11,378][nuplan.planning.script.builders.worker_pool_builder][INFO] - Building WorkerPool...
[2025-02-26 15:19:11,379][nuplan.planning.utils.multithreading.worker_pool][INFO] - Worker: SingleMachineParallelExecutor
[2025-02-26 15:19:11,379][nuplan.planning.utils.multithreading.worker_pool][INFO] - Number of nodes: 1
Number of CPUs per node: 32
Number of GPUs per node: 0
Number of threads across all nodes: 32
[2025-02-26 15:19:11,379][nuplan.planning.script.builders.worker_pool_builder][INFO] - Building WorkerPool...DONE!
[2025-02-26 15:19:11,379][src.custom_training.custom_training_builder][INFO] - Building training engine...
[2025-02-26 15:19:15,405][nuplan.planning.script.builders.model_builder][INFO] - Building TorchModuleWrapper...
[2025-02-26 15:19:16,218][nuplan.planning.script.builders.model_builder][INFO] - Building TorchModuleWrapper...DONE!
[2025-02-26 15:19:16,219][nuplan.planning.script.builders.splitter_builder][INFO] - Building Splitter...
[2025-02-26 15:19:17,151][nuplan.planning.script.builders.splitter_builder][INFO] - Building Splitter...DONE!
[2025-02-26 15:19:17,152][nuplan.planning.script.builders.data_augmentation_builder][INFO] - Building augmentors...
[2025-02-26 15:19:17,155][nuplan.planning.script.builders.data_augmentation_builder][INFO] - Building augmentors...DONE!
[2025-02-26 15:19:30,987][nuplan.planning.script.builders.scenario_builder][INFO] - Extracted 204791 scenarios for training
[2025-02-26 15:19:30,991][__main__][INFO] - Starting training...
[2025-02-26 15:19:30,994][torch.distributed.distributed_c10d][INFO] - Added key: store_based_barrier_key:1 to store for rank: 0
[2025-02-26 15:19:30,994][torch.distributed.distributed_c10d][INFO] - Rank 0: Completed store-based barrier for key:store_based_barrier_key:1 with 1 nodes.
[2025-02-26 15:19:32,403][src.custom_training.custom_datamodule][INFO] - Number of samples in train set: 132384
[2025-02-26 15:19:32,459][src.custom_training.custom_datamodule][INFO] - Number of samples in validation set: 32407
[2025-02-26 15:19:56,879][root][INFO] - 
[Epoch 0] val_loss: 8.18282, val_reg_loss: 4.58139, val_cls_loss: 3.83425, val_prediction_losss: 3.56309, val_diffusion_loss: 0.45804, val_MR: 0.62500, val_minADE1: 17.84060, val_minADE6: 17.80889, val_minFDE1: 35.25921, val_minFDE6: 35.14038
