[2025-01-17 14:30:39,347][__main__][INFO] - Logger is configured correctly.
[2025-01-17 14:30:39,544][nuplan.planning.script.builders.folder_builder][INFO] - Building experiment folders...
[2025-01-17 14:30:39,544][nuplan.planning.script.builders.folder_builder][INFO] - Experimental folder: /data/datasets/niukangjia/plantf/output/training/planTF/2025.01.17.14.30.37
[2025-01-17 14:30:39,544][nuplan.planning.script.builders.worker_pool_builder][INFO] - Building WorkerPool...
[2025-01-17 14:30:39,545][nuplan.planning.utils.multithreading.worker_pool][INFO] - Worker: SingleMachineParallelExecutor
[2025-01-17 14:30:39,545][nuplan.planning.utils.multithreading.worker_pool][INFO] - Number of nodes: 1
Number of CPUs per node: 32
Number of GPUs per node: 0
Number of threads across all nodes: 32
[2025-01-17 14:30:39,545][nuplan.planning.script.builders.worker_pool_builder][INFO] - Building WorkerPool...DONE!
[2025-01-17 14:30:39,545][src.custom_training.custom_training_builder][INFO] - Building training engine...
[2025-01-17 14:30:43,729][nuplan.planning.script.builders.model_builder][INFO] - Building TorchModuleWrapper...
[2025-01-17 14:30:44,782][nuplan.planning.script.builders.model_builder][INFO] - Building TorchModuleWrapper...DONE!
[2025-01-17 14:30:44,783][nuplan.planning.script.builders.splitter_builder][INFO] - Building Splitter...
[2025-01-17 14:30:45,588][nuplan.planning.script.builders.splitter_builder][INFO] - Building Splitter...DONE!
[2025-01-17 14:30:45,588][nuplan.planning.script.builders.data_augmentation_builder][INFO] - Building augmentors...
[2025-01-17 14:30:45,591][nuplan.planning.script.builders.data_augmentation_builder][INFO] - Building augmentors...DONE!
[2025-01-17 14:31:00,857][nuplan.planning.script.builders.scenario_builder][INFO] - Extracted 204791 scenarios for training
[2025-01-17 14:31:00,871][__main__][INFO] - Starting training...
[2025-01-17 14:31:00,908][torch.distributed.distributed_c10d][INFO] - Added key: store_based_barrier_key:1 to store for rank: 0
[2025-01-17 14:31:00,908][torch.distributed.distributed_c10d][INFO] - Rank 0: Completed store-based barrier for key:store_based_barrier_key:1 with 1 nodes.
[2025-01-17 14:31:01,411][src.custom_training.custom_datamodule][INFO] - Number of samples in train set: 132384
[2025-01-17 14:31:01,467][src.custom_training.custom_datamodule][INFO] - Number of samples in validation set: 32407
[2025-01-17 14:31:19,443][root][INFO] - 
[Epoch 0] val_loss: 7.82259, val_reg_loss: 4.31470, val_cls_loss: 4.14068, val_prediction_losss: 3.46648, val_diffusion_loss: 0.46096, val_MR: 0.62500, val_minADE1: 16.72798, val_minADE6: 16.70856, val_minFDE1: 32.64278, val_minFDE6: 32.57422
