[2025-01-02 18:09:33,394][nuplan.planning.script.builders.folder_builder][INFO] - Building experiment folders...
[2025-01-02 18:09:33,394][nuplan.planning.script.builders.folder_builder][INFO] - Experimental folder: /data/datasets/niukangjia/nuplan/exp/exp/training/planTF/2025.01.02.18.09.31
[2025-01-02 18:09:33,394][nuplan.planning.script.builders.worker_pool_builder][INFO] - Building WorkerPool...
[2025-01-02 18:09:33,395][nuplan.planning.utils.multithreading.worker_pool][INFO] - Worker: SingleMachineParallelExecutor
[2025-01-02 18:09:33,395][nuplan.planning.utils.multithreading.worker_pool][INFO] - Number of nodes: 1
Number of CPUs per node: 32
Number of GPUs per node: 0
Number of threads across all nodes: 32
[2025-01-02 18:09:33,395][nuplan.planning.script.builders.worker_pool_builder][INFO] - Building WorkerPool...DONE!
[2025-01-02 18:09:33,395][src.custom_training.custom_training_builder][INFO] - Building training engine...
[2025-01-02 18:09:37,446][nuplan.planning.script.builders.model_builder][INFO] - Building TorchModuleWrapper...
[2025-01-02 18:09:38,468][nuplan.planning.script.builders.model_builder][INFO] - Building TorchModuleWrapper...DONE!
[2025-01-02 18:09:38,469][nuplan.planning.script.builders.splitter_builder][INFO] - Building Splitter...
[2025-01-02 18:09:39,279][nuplan.planning.script.builders.splitter_builder][INFO] - Building Splitter...DONE!
[2025-01-02 18:09:39,279][nuplan.planning.script.builders.data_augmentation_builder][INFO] - Building augmentors...
[2025-01-02 18:09:39,282][nuplan.planning.script.builders.data_augmentation_builder][INFO] - Building augmentors...DONE!
[2025-01-02 18:09:52,278][nuplan.planning.script.builders.scenario_builder][INFO] - Extracted 219607 scenarios for training
[2025-01-02 18:09:52,282][__main__][INFO] - Starting training...
[2025-01-02 18:09:52,328][torch.distributed.distributed_c10d][INFO] - Added key: store_based_barrier_key:1 to store for rank: 0
[2025-01-02 18:09:52,329][torch.distributed.distributed_c10d][INFO] - Rank 0: Completed store-based barrier for key:store_based_barrier_key:1 with 1 nodes.
[2025-01-02 18:09:52,711][src.custom_training.custom_datamodule][INFO] - Number of samples in train set: 147200
[2025-01-02 18:09:52,767][src.custom_training.custom_datamodule][INFO] - Number of samples in validation set: 32407
