[2025-01-10 17:25:42,023][__main__][INFO] - Logger is configured correctly.
[2025-01-10 17:25:42,259][nuplan.planning.script.builders.folder_builder][INFO] - Building experiment folders...
[2025-01-10 17:25:42,259][nuplan.planning.script.builders.folder_builder][INFO] - Experimental folder: /data/datasets/niukangjia/plantf/output/training/planTF/2025.01.10.17.25.40
[2025-01-10 17:25:42,260][nuplan.planning.script.builders.worker_pool_builder][INFO] - Building WorkerPool...
[2025-01-10 17:25:42,261][nuplan.planning.utils.multithreading.worker_pool][INFO] - Worker: SingleMachineParallelExecutor
[2025-01-10 17:25:42,261][nuplan.planning.utils.multithreading.worker_pool][INFO] - Number of nodes: 1
Number of CPUs per node: 32
Number of GPUs per node: 0
Number of threads across all nodes: 32
[2025-01-10 17:25:42,261][nuplan.planning.script.builders.worker_pool_builder][INFO] - Building WorkerPool...DONE!
[2025-01-10 17:25:42,261][src.custom_training.custom_training_builder][INFO] - Building training engine...
[2025-01-10 17:25:47,816][nuplan.planning.script.builders.model_builder][INFO] - Building TorchModuleWrapper...
[2025-01-10 17:25:49,059][nuplan.planning.script.builders.model_builder][INFO] - Building TorchModuleWrapper...DONE!
[2025-01-10 17:25:49,060][nuplan.planning.script.builders.splitter_builder][INFO] - Building Splitter...
[2025-01-10 17:25:50,070][nuplan.planning.script.builders.splitter_builder][INFO] - Building Splitter...DONE!
[2025-01-10 17:25:50,071][nuplan.planning.script.builders.data_augmentation_builder][INFO] - Building augmentors...
[2025-01-10 17:25:50,074][nuplan.planning.script.builders.data_augmentation_builder][INFO] - Building augmentors...DONE!
[2025-01-10 17:26:05,928][nuplan.planning.script.builders.scenario_builder][INFO] - Extracted 204791 scenarios for training
[2025-01-10 17:26:05,934][__main__][INFO] - Starting training...
[2025-01-10 17:26:05,993][torch.distributed.distributed_c10d][INFO] - Added key: store_based_barrier_key:1 to store for rank: 0
[2025-01-10 17:26:05,994][torch.distributed.distributed_c10d][INFO] - Rank 0: Completed store-based barrier for key:store_based_barrier_key:1 with 1 nodes.
[2025-01-10 17:26:06,483][src.custom_training.custom_datamodule][INFO] - Number of samples in train set: 132384
[2025-01-10 17:26:06,644][src.custom_training.custom_datamodule][INFO] - Number of samples in validation set: 32407
[2025-01-10 17:26:12,184][root][INFO] - 
[Epoch 0] val_loss: 12.18664, val_reg_loss: 5.08873, val_cls_loss: 2.23583, val_prediction_losss: 3.75889, val_diffusion_loss: 1.10318, val_MR: 0.78125, val_minADE1: 19.88427, val_minADE6: 19.85034, val_minFDE1: 39.66273, val_minFDE6: 39.53893
