[2025-01-09 16:55:12,234][__main__][INFO] - Logger is configured correctly.
[2025-01-09 16:55:12,492][nuplan.planning.script.builders.folder_builder][INFO] - Building experiment folders...
[2025-01-09 16:55:12,492][nuplan.planning.script.builders.folder_builder][INFO] - Experimental folder: /data/datasets/niukangjia/plantf/output/training/planTF/2025.01.09.16.55.10
[2025-01-09 16:55:12,492][nuplan.planning.script.builders.worker_pool_builder][INFO] - Building WorkerPool...
[2025-01-09 16:55:12,493][nuplan.planning.utils.multithreading.worker_pool][INFO] - Worker: SingleMachineParallelExecutor
[2025-01-09 16:55:12,493][nuplan.planning.utils.multithreading.worker_pool][INFO] - Number of nodes: 1
Number of CPUs per node: 32
Number of GPUs per node: 0
Number of threads across all nodes: 32
[2025-01-09 16:55:12,493][nuplan.planning.script.builders.worker_pool_builder][INFO] - Building WorkerPool...DONE!
[2025-01-09 16:55:12,493][src.custom_training.custom_training_builder][INFO] - Building training engine...
[2025-01-09 16:55:17,790][nuplan.planning.script.builders.model_builder][INFO] - Building TorchModuleWrapper...
[2025-01-09 16:55:18,926][nuplan.planning.script.builders.model_builder][INFO] - Building TorchModuleWrapper...DONE!
[2025-01-09 16:55:18,927][nuplan.planning.script.builders.splitter_builder][INFO] - Building Splitter...
[2025-01-09 16:55:19,854][nuplan.planning.script.builders.splitter_builder][INFO] - Building Splitter...DONE!
[2025-01-09 16:55:19,854][nuplan.planning.script.builders.data_augmentation_builder][INFO] - Building augmentors...
[2025-01-09 16:55:19,857][nuplan.planning.script.builders.data_augmentation_builder][INFO] - Building augmentors...DONE!
[2025-01-09 16:55:34,863][nuplan.planning.script.builders.scenario_builder][INFO] - Extracted 204791 scenarios for training
[2025-01-09 16:55:34,868][__main__][INFO] - Starting training...
[2025-01-09 16:55:34,921][torch.distributed.distributed_c10d][INFO] - Added key: store_based_barrier_key:1 to store for rank: 0
[2025-01-09 16:55:34,922][torch.distributed.distributed_c10d][INFO] - Rank 0: Completed store-based barrier for key:store_based_barrier_key:1 with 1 nodes.
[2025-01-09 16:55:35,309][src.custom_training.custom_datamodule][INFO] - Number of samples in train set: 132384
[2025-01-09 16:55:35,383][src.custom_training.custom_datamodule][INFO] - Number of samples in validation set: 32407
[2025-01-09 16:55:39,763][root][INFO] - 
[Epoch 0] val_loss: 31.56091, val_reg_loss: 23.89727, val_cls_loss: 1.80882, val_prediction_losss: 3.47544, val_diffusion_loss: 2.37938, val_MR: 1.00000, val_minADE1: 268.05521, val_minADE6: 69.31726, val_minFDE1: 725.76343, val_minFDE6: 121.70511
