[2025-01-09 15:59:39,338][__main__][INFO] - Logger is configured correctly.
[2025-01-09 15:59:39,574][nuplan.planning.script.builders.folder_builder][INFO] - Building experiment folders...
[2025-01-09 15:59:39,574][nuplan.planning.script.builders.folder_builder][INFO] - Experimental folder: /data/datasets/niukangjia/plantf/output/training/planTF/2025.01.09.15.59.37
[2025-01-09 15:59:39,574][nuplan.planning.script.builders.worker_pool_builder][INFO] - Building WorkerPool...
[2025-01-09 15:59:39,585][nuplan.planning.utils.multithreading.worker_pool][INFO] - Worker: SingleMachineParallelExecutor
[2025-01-09 15:59:39,585][nuplan.planning.utils.multithreading.worker_pool][INFO] - Number of nodes: 1
Number of CPUs per node: 32
Number of GPUs per node: 0
Number of threads across all nodes: 32
[2025-01-09 15:59:39,586][nuplan.planning.script.builders.worker_pool_builder][INFO] - Building WorkerPool...DONE!
[2025-01-09 15:59:39,586][src.custom_training.custom_training_builder][INFO] - Building training engine...
[2025-01-09 15:59:44,717][nuplan.planning.script.builders.model_builder][INFO] - Building TorchModuleWrapper...
[2025-01-09 15:59:46,210][nuplan.planning.script.builders.model_builder][INFO] - Building TorchModuleWrapper...DONE!
[2025-01-09 15:59:46,211][nuplan.planning.script.builders.splitter_builder][INFO] - Building Splitter...
[2025-01-09 15:59:47,031][nuplan.planning.script.builders.splitter_builder][INFO] - Building Splitter...DONE!
[2025-01-09 15:59:47,032][nuplan.planning.script.builders.data_augmentation_builder][INFO] - Building augmentors...
[2025-01-09 15:59:47,047][nuplan.planning.script.builders.data_augmentation_builder][INFO] - Building augmentors...DONE!
[2025-01-09 16:00:34,863][nuplan.planning.script.builders.scenario_builder][INFO] - Extracted 204791 scenarios for training
[2025-01-09 16:00:34,927][__main__][INFO] - Starting training...
[2025-01-09 16:00:34,972][torch.distributed.distributed_c10d][INFO] - Added key: store_based_barrier_key:1 to store for rank: 0
[2025-01-09 16:00:34,972][torch.distributed.distributed_c10d][INFO] - Rank 0: Completed store-based barrier for key:store_based_barrier_key:1 with 1 nodes.
[2025-01-09 16:00:35,420][src.custom_training.custom_datamodule][INFO] - Number of samples in train set: 132384
[2025-01-09 16:00:35,492][src.custom_training.custom_datamodule][INFO] - Number of samples in validation set: 32407
[2025-01-09 16:00:39,197][root][INFO] - 
[Epoch 0] val_loss: 32.27226, val_reg_loss: 25.43716, val_cls_loss: 1.80223, val_prediction_losss: 2.64554, val_diffusion_loss: 2.38734, val_MR: 1.00000, val_minADE1: 258.90421, val_minADE6: 73.31949, val_minFDE1: 695.15320, val_minFDE6: 135.41759
[2025-01-09 16:27:50,829][root][INFO] - 
[Epoch 0] val_loss: 26.26731, val_reg_loss: 21.16758, val_cls_loss: 1.78831, val_prediction_losss: 2.61532, val_diffusion_loss: 0.69609, val_MR: 0.99904, val_minADE1: 278.20364, val_minADE6: 62.39592, val_minFDE1: 761.56927, val_minFDE6: 101.19093
