[2025-01-14 13:44:05,268][__main__][INFO] - Logger is configured correctly.
[2025-01-14 13:44:05,459][nuplan.planning.script.builders.folder_builder][INFO] - Building experiment folders...
[2025-01-14 13:44:05,459][nuplan.planning.script.builders.folder_builder][INFO] - Experimental folder: /data/datasets/niukangjia/plantf/output/training/planTF/2025.01.14.13.44.03
[2025-01-14 13:44:05,459][nuplan.planning.script.builders.worker_pool_builder][INFO] - Building WorkerPool...
[2025-01-14 13:44:05,460][nuplan.planning.utils.multithreading.worker_pool][INFO] - Worker: SingleMachineParallelExecutor
[2025-01-14 13:44:05,460][nuplan.planning.utils.multithreading.worker_pool][INFO] - Number of nodes: 1
Number of CPUs per node: 32
Number of GPUs per node: 0
Number of threads across all nodes: 32
[2025-01-14 13:44:05,460][nuplan.planning.script.builders.worker_pool_builder][INFO] - Building WorkerPool...DONE!
[2025-01-14 13:44:05,460][src.custom_training.custom_training_builder][INFO] - Building training engine...
[2025-01-14 13:44:10,360][nuplan.planning.script.builders.model_builder][INFO] - Building TorchModuleWrapper...
[2025-01-14 13:44:11,380][nuplan.planning.script.builders.model_builder][INFO] - Building TorchModuleWrapper...DONE!
[2025-01-14 13:44:11,381][nuplan.planning.script.builders.splitter_builder][INFO] - Building Splitter...
[2025-01-14 13:44:12,183][nuplan.planning.script.builders.splitter_builder][INFO] - Building Splitter...DONE!
[2025-01-14 13:44:12,184][nuplan.planning.script.builders.data_augmentation_builder][INFO] - Building augmentors...
[2025-01-14 13:44:12,186][nuplan.planning.script.builders.data_augmentation_builder][INFO] - Building augmentors...DONE!
[2025-01-14 13:44:26,266][nuplan.planning.script.builders.scenario_builder][INFO] - Extracted 204791 scenarios for training
[2025-01-14 13:44:26,280][__main__][INFO] - Starting training...
[2025-01-14 13:44:26,316][torch.distributed.distributed_c10d][INFO] - Added key: store_based_barrier_key:1 to store for rank: 0
[2025-01-14 13:44:26,317][torch.distributed.distributed_c10d][INFO] - Rank 0: Completed store-based barrier for key:store_based_barrier_key:1 with 1 nodes.
[2025-01-14 13:44:26,748][src.custom_training.custom_datamodule][INFO] - Number of samples in train set: 132384
[2025-01-14 13:44:26,840][src.custom_training.custom_datamodule][INFO] - Number of samples in validation set: 32407
[2025-01-14 13:44:30,286][root][INFO] - 
[Epoch 0] val_loss: 11.43894, val_reg_loss: 4.19609, val_cls_loss: 2.01652, val_prediction_losss: 2.75133, val_diffusion_loss: 0.45847, val_MR: 0.56250, val_minADE1: 16.26797, val_minADE6: 16.23005, val_minFDE1: 31.14660, val_minFDE6: 30.91119
