[2025-01-09 14:55:58,975][__main__][INFO] - Logger is configured correctly.
[2025-01-09 14:55:59,171][nuplan.planning.script.builders.folder_builder][INFO] - Building experiment folders...
[2025-01-09 14:55:59,172][nuplan.planning.script.builders.folder_builder][INFO] - Experimental folder: /data/datasets/niukangjia/plantf/output/training/planTF/2025.01.09.14.55.57
[2025-01-09 14:55:59,172][nuplan.planning.script.builders.worker_pool_builder][INFO] - Building WorkerPool...
[2025-01-09 14:55:59,173][nuplan.planning.utils.multithreading.worker_pool][INFO] - Worker: SingleMachineParallelExecutor
[2025-01-09 14:55:59,173][nuplan.planning.utils.multithreading.worker_pool][INFO] - Number of nodes: 1
Number of CPUs per node: 32
Number of GPUs per node: 0
Number of threads across all nodes: 32
[2025-01-09 14:55:59,173][nuplan.planning.script.builders.worker_pool_builder][INFO] - Building WorkerPool...DONE!
[2025-01-09 14:55:59,173][src.custom_training.custom_training_builder][INFO] - Building training engine...
[2025-01-09 14:56:03,764][nuplan.planning.script.builders.model_builder][INFO] - Building TorchModuleWrapper...
[2025-01-09 14:56:04,784][nuplan.planning.script.builders.model_builder][INFO] - Building TorchModuleWrapper...DONE!
[2025-01-09 14:56:04,785][nuplan.planning.script.builders.splitter_builder][INFO] - Building Splitter...
[2025-01-09 14:56:05,582][nuplan.planning.script.builders.splitter_builder][INFO] - Building Splitter...DONE!
[2025-01-09 14:56:05,583][nuplan.planning.script.builders.data_augmentation_builder][INFO] - Building augmentors...
[2025-01-09 14:56:05,585][nuplan.planning.script.builders.data_augmentation_builder][INFO] - Building augmentors...DONE!
[2025-01-09 14:56:18,141][nuplan.planning.script.builders.scenario_builder][INFO] - Extracted 146783 scenarios for training
[2025-01-09 14:56:18,172][__main__][INFO] - Starting training...
[2025-01-09 14:56:18,208][torch.distributed.distributed_c10d][INFO] - Added key: store_based_barrier_key:1 to store for rank: 0
[2025-01-09 14:56:18,209][torch.distributed.distributed_c10d][INFO] - Rank 0: Completed store-based barrier for key:store_based_barrier_key:1 with 1 nodes.
[2025-01-09 14:56:18,595][src.custom_training.custom_datamodule][INFO] - Number of samples in train set: 132384
[2025-01-09 14:56:18,635][src.custom_training.custom_datamodule][INFO] - Number of samples in validation set: 3600
[2025-01-09 14:56:22,928][root][INFO] - 
[Epoch 0] val_loss: 31.04811, val_reg_loss: 25.54462, val_cls_loss: 1.78480, val_prediction_losss: 1.32511, val_diffusion_loss: 2.39359, val_MR: 1.00000, val_minADE1: 266.44318, val_minADE6: 72.17389, val_minFDE1: 741.62268, val_minFDE6: 129.74904
